[38;5;6m [38;5;5m08:38:47.11 [0m
[38;5;6m [38;5;5m08:38:47.12 [0m[1mWelcome to the Bitnami spark container[0m
[38;5;6m [38;5;5m08:38:47.12 [0mSubscribe to project updates by watching [1mhttps://github.com/bitnami/bitnami-docker-spark[0m
[38;5;6m [38;5;5m08:38:47.12 [0mSubmit issues and feature requests at [1mhttps://github.com/bitnami/bitnami-docker-spark/issues[0m
[38;5;6m [38;5;5m08:38:47.12 [0m
[38;5;6m [38;5;5m08:38:47.12 [0m[38;5;2mINFO [0m ==> ** Starting Spark setup **
realpath: /bitnami/spark/conf: No such file or directory
[38;5;6m [38;5;5m08:38:47.23 [0m[38;5;2mINFO [0m ==> Generating Spark configuration file...
[38;5;6m [38;5;5m08:38:47.24 [0m[38;5;2mINFO [0m ==> ** Spark setup finished! **

[38;5;6m [38;5;5m08:38:47.25 [0m[38;5;2mINFO [0m ==> ** Starting Spark in worker mode **
starting org.apache.spark.deploy.worker.Worker, logging to /opt/bitnami/spark/logs/spark--org.apache.spark.deploy.worker.Worker-1-f8918121e75a.out
Spark Command: /opt/bitnami/java/bin/java -cp /opt/bitnami/spark/conf/:/opt/bitnami/spark/jars/* -Xmx1g org.apache.spark.deploy.worker.Worker --webui-port 8081 spark://spark:7077
========================================
Using Spark's default log4j profile: org/apache/spark/log4j-defaults.properties
24/12/15 08:38:49 INFO Worker: Started daemon with process name: 58@f8918121e75a
24/12/15 08:38:49 INFO SignalUtils: Registering signal handler for TERM
24/12/15 08:38:49 INFO SignalUtils: Registering signal handler for HUP
24/12/15 08:38:49 INFO SignalUtils: Registering signal handler for INT
24/12/15 08:38:50 WARN NativeCodeLoader: Unable to load native-hadoop library for your platform... using builtin-java classes where applicable
24/12/15 08:38:50 INFO SecurityManager: Changing view acls to: spark
24/12/15 08:38:50 INFO SecurityManager: Changing modify acls to: spark
24/12/15 08:38:50 INFO SecurityManager: Changing view acls groups to: 
24/12/15 08:38:50 INFO SecurityManager: Changing modify acls groups to: 
24/12/15 08:38:50 INFO SecurityManager: SecurityManager: authentication disabled; ui acls disabled; users  with view permissions: Set(spark); groups with view permissions: Set(); users  with modify permissions: Set(spark); groups with modify permissions: Set()
24/12/15 08:38:51 INFO Utils: Successfully started service 'sparkWorker' on port 35405.
24/12/15 08:38:51 INFO Worker: Worker decommissioning not enabled.
24/12/15 08:38:51 INFO Worker: Starting Spark worker 172.18.0.2:35405 with 1 cores, 1024.0 MiB RAM
24/12/15 08:38:51 INFO Worker: Running Spark version 3.2.1
24/12/15 08:38:51 INFO Worker: Spark home: /opt/bitnami/spark
24/12/15 08:38:51 INFO ResourceUtils: ==============================================================
24/12/15 08:38:51 INFO ResourceUtils: No custom resources configured for spark.worker.
24/12/15 08:38:51 INFO ResourceUtils: ==============================================================
24/12/15 08:38:52 INFO Utils: Successfully started service 'WorkerUI' on port 8081.
24/12/15 08:38:52 INFO WorkerWebUI: Bound WorkerWebUI to 0.0.0.0, and started at http://f8918121e75a:8081
24/12/15 08:38:52 INFO Worker: Connecting to master spark:7077...
24/12/15 08:38:52 INFO TransportClientFactory: Successfully created connection to spark/172.18.0.4:7077 after 56 ms (0 ms spent in bootstraps)
24/12/15 08:38:52 INFO Worker: Successfully registered with master spark://04c71cb945c9:7077
